==============================================
FULL HNSW Index Build Started: Thu Apr  9 08:13:14 PDT 2026
Log file: hnsw_full_build_20260409_081314.log
Target compute: ci_xlarge
==============================================

==============================================
[STEP 1/7] Upgrading compute to ci_xlarge
==============================================
[COMPUTE] Upgrading to ci_xlarge...
[COMPUTE] Response: 
[COMPUTE] Waiting 120 seconds for compute upgrade to complete...
[COMPUTE] Verifying database connection...
[COMPUTE] Database connection verified!
[STEP 1/7] Checking new memory settings...
               name               | setting | unit 
----------------------------------+---------+------
 maintenance_work_mem             | 1048576 | kB
 max_parallel_maintenance_workers | 2       | 
 shared_buffers                   | 524288  | 8kB
(3 rows)

[SAFETY] Checking disk size before: Step 2 - Create table
[SAFETY] Current DB size: 7.80 GB (threshold: 30 GB)

==============================================
[STEP 2/7] Creating unlogged table...
Started: Thu Apr  9 08:15:23 PDT 2026
==============================================
SET
NOTICE:  table "trial_embeddings_full" does not exist, skipping
DROP TABLE
CREATE TABLE
    status     
---------------
 Table created
(1 row)

Completed: Thu Apr  9 08:15:24 PDT 2026
[SAFETY] Checking disk size before: Step 3 - Copy embeddings
[SAFETY] Current DB size: 7.80 GB (threshold: 30 GB)

==============================================
[STEP 3/7] Copying all embeddings (~577K rows)...
Estimated time: 30-60 minutes
Started: Thu Apr  9 08:15:25 PDT 2026
==============================================
SET
INSERT 0 577513
        status         
-----------------------
 Rows inserted: 577513
(1 row)

Completed: Thu Apr  9 08:18:31 PDT 2026
[SAFETY] Checking disk size before: Step 4 - Build HNSW index
[SAFETY] Current DB size: 12.30 GB (threshold: 30 GB)

==============================================
[STEP 4/7] Building HNSW index...
This is the longest step - estimated 2-6 hours
Started: Thu Apr  9 08:18:32 PDT 2026
==============================================
SET
SET
SET
NOTICE:  hnsw graph no longer fits into maintenance_work_mem after 313987 tuples
DETAIL:  Building will take significantly more time.
HINT:  Increase maintenance_work_mem to speed up builds.
CREATE INDEX
       status       
--------------------
 HNSW index created
(1 row)

Completed: Thu Apr  9 08:28:53 PDT 2026
[SAFETY] Checking disk size before: Step 5 - Convert to logged
[SAFETY] Current DB size: 16.70 GB (threshold: 30 GB)

==============================================
[STEP 5/7] Converting to logged table...
Estimated time: 30-60 minutes
Started: Thu Apr  9 08:28:54 PDT 2026
==============================================
SET
SET
PANIC:  could not write to file "pg_wal/xlogtemp.3126": No space left on device
SSL error: unexpected eof while reading
connection to server was lost

!!! ERROR DETECTED - CLEANING UP !!!
Attempting to downgrade compute...
[COMPUTE] Downgrading back to Micro...
[COMPUTE] Downgrade response: {"message":"addon_variant: Invalid input"}
[COMPUTE] Compute will restart. Index is preserved.
