[2026-04-11 01:51:03] ==============================================
[2026-04-11 01:51:03] HNSW Index Rebuild Script Started
[2026-04-11 01:51:03] ==============================================
[2026-04-11 01:51:04] Current row count: 394214
[2026-04-11 01:51:04] HNSW index exists: 0
[2026-04-11 01:51:04] 
[2026-04-11 01:51:04] [STEP 1/4] Upgrading compute to XL...
[2026-04-11 01:51:04] Upgrading compute to ci_xlarge...
[2026-04-11 01:51:06] API Response: {"id":25946708,"name":"ClinicalTrials","ref":"zwcreraudeemddmloeul"}
[2026-04-11 01:51:06] Waiting 120 seconds for compute upgrade to apply...
[2026-04-11 01:53:07] Current shared_buffers: 256MB
[2026-04-11 01:53:07] 
[2026-04-11 01:53:07] [STEP 2/4] Building HNSW index...
[2026-04-11 01:53:07] Building HNSW index on trial_embeddings_full...
[2026-04-11 01:53:07] This may take 10-30 minutes depending on compute size.
[2026-04-11 01:53:09] HNSW index created successfully!
[2026-04-11 01:53:09] Index build completed!
[2026-04-11 01:53:09] 
[2026-04-11 01:53:09] [STEP 3/4] Verifying index...
[2026-04-11 01:53:09] Verifying index...
[2026-04-11 01:53:33] 
[2026-04-11 01:53:33] [STEP 4/4] Downgrading compute back to Micro...
[2026-04-11 01:53:33] Upgrading compute to ci_micro...
[2026-04-11 01:53:34] API Response: {"id":25946708,"name":"ClinicalTrials","ref":"zwcreraudeemddmloeul"}
[2026-04-11 01:53:34] Waiting 120 seconds for compute upgrade to apply...
[2026-04-11 01:55:35] Current shared_buffers: 256MB
